<?xml version="1.0" encoding="UTF-8" ?>
<testsuite errors="0" failures="0" hostname="wattsz-PC" name="tests.CoreTests" skipped="0" tests="9" time="0.069" timestamp="2016-01-04T23:20:12">
  <properties>
[...]
</properties>
  <testcase classname="tests.CoreTests" name="substitutionTest" time="0.001" />
  <testcase classname="tests.CoreTests" name="subTest" time="0.0" />
  <testcase classname="tests.CoreTests" name="histTest" time="0.0" />
  <testcase classname="tests.CoreTests" name="expTest" time="0.0" />
  <testcase classname="tests.CoreTests" name="clearTest" time="0.001" />
  <testcase classname="tests.CoreTests" name="addTest" time="0.0" />
  <testcase classname="tests.CoreTests" name="divTest2" time="0.0" />
  <testcase classname="tests.CoreTests" name="mulTest" time="0.0" />
  <testcase classname="tests.CoreTests" name="divTest" time="0.0" />
  <system-out><![CDATA[**********************************
Initiating core tests...
**********************************
Creating a new Calculator...
Testing "substitution"...
**********************************
Creating a new Calculator...
Testing "sub"...
**********************************
Creating a new Calculator...
Testing "hist"...
**********************************
Creating a new Calculator...
Testing "exp"...
**********************************
Creating a new Calculator...
Testing "clear"...
**********************************
Creating a new Calculator...
Testing "add"...
**********************************
Creating a new Calculator...
Testing "div 1 0 0"...
**********************************
Creating a new Calculator...
Testing "mul"...
**********************************
Creating a new Calculator...
Testing "div"...
**********************************
Testing complete!
**********************************
]]></system-out>
  <system-err><![CDATA[]]></system-err>
</testsuite>
